<?xml version="1.0" encoding="UTF-8"?>
<!-- Generated by org.testng.reporters.JUnitReportReporter -->
<testsuite hostname="Hshraddha" failures="0" tests="1" name="com.cyient.test.SignUpTest" time="18.144" errors="0" timestamp="2021-06-13T17:17:12 IST" skipped="0">
  <testcase classname="com.cyient.test.SignUpTest" name="signInTest" time="18.144"/>
  <system-out/>
</testsuite> <!-- com.cyient.test.SignUpTest -->
