<?xml version="1.0" encoding="UTF-8"?>
<!-- Generated by org.testng.reporters.JUnitReportReporter -->
<testsuite hostname="Hshraddha" failures="0" tests="1" name="com.cyient.test.OrderTest" time="22.099" errors="0" timestamp="2021-06-14T01:16:41 IST" skipped="0">
  <testcase classname="com.cyient.test.OrderTest" name="BakeryOrderTest" time="22.099"/>
  <system-out/>
</testsuite> <!-- com.cyient.test.OrderTest -->
