<?xml version="1.0" encoding="UTF-8"?>
<!-- Generated by org.testng.reporters.JUnitReportReporter -->
<testsuite hostname="Hshraddha" failures="0" tests="1" name="com.cyient.test.SubmitTest" time="20.431" errors="0" timestamp="2021-06-13T20:58:04 IST" skipped="0">
  <testcase classname="com.cyient.test.SubmitTest" name="ideaTest" time="20.431"/>
  <system-out/>
</testsuite> <!-- com.cyient.test.SubmitTest -->
