<?xml version="1.0" encoding="UTF-8"?>
<!-- Generated by org.testng.reporters.JUnitReportReporter -->
<testsuite hostname="Hshraddha" failures="0" tests="1" name="com.cyient.test.MenuTest" time="21.761" errors="0" timestamp="2021-06-14T01:59:03 IST" skipped="0">
  <testcase classname="com.cyient.test.MenuTest" name="validateTest" time="21.761"/>
  <system-out/>
</testsuite> <!-- com.cyient.test.MenuTest -->
