<?xml version="1.0" encoding="UTF-8"?>
<!-- Generated by org.testng.reporters.JUnitReportReporter -->
<testsuite hostname="Hshraddha" failures="0" tests="3" name="com.cyient.test.CreateAccountTest" time="100.982" errors="0" timestamp="2021-06-14T08:28:22 IST" skipped="0">
  <testcase classname="com.cyient.test.CreateAccountTest" name="joinInTest" time="28.092"/>
  <system-out/>
  <testcase classname="com.cyient.test.CreateAccountTest" name="joinInTest" time="38.199"/>
  <system-out/>
  <testcase classname="com.cyient.test.CreateAccountTest" name="joinInTest" time="34.691"/>
  <system-out/>
</testsuite> <!-- com.cyient.test.CreateAccountTest -->
